
2015-07-15 13:38:17[WARN] user: tkgz
http://localhost:3001/admin/organization/5/edit?_pjax=%5Bdata-pjax-container%5D
Unused Eager Loading detected
  User => [:organization]
  Remove from your finder: :includes => [:organization]

2015-07-15 13:38:41[WARN] user: tkgz
http://localhost:3001/admin/organization?model_name=organization&set=4&_pjax=%5Bdata-pjax-container%5D
N+1 Query detected
  Organization => [:addresses]
  Add to your finder: :includes => [:addresses]
N+1 Query method call stack

2015-07-15 13:38:41[WARN] user: tkgz
http://localhost:3001/admin/organization?model_name=organization&set=4&_pjax=%5Bdata-pjax-container%5D
N+1 Query detected
  Organization => [:publications]
  Add to your finder: :includes => [:publications]
N+1 Query method call stack

2015-07-15 13:38:41[WARN] user: tkgz
http://localhost:3001/admin/organization?model_name=organization&set=5&_pjax=%5Bdata-pjax-container%5D
N+1 Query detected
  Organization => [:organization_albums]
  Add to your finder: :includes => [:organization_albums]
N+1 Query method call stack

2015-07-15 13:38:41[WARN] user: tkgz
http://localhost:3001/admin/organization?model_name=organization&set=5&_pjax=%5Bdata-pjax-container%5D
N+1 Query detected
  Organization => [:albums]
  Add to your finder: :includes => [:albums]
N+1 Query method call stack

2015-07-15 13:38:41[WARN] user: tkgz
http://localhost:3001/admin/organization?model_name=organization&set=5&_pjax=%5Bdata-pjax-container%5D
N+1 Query detected
  Organization => [:users]
  Add to your finder: :includes => [:users]
N+1 Query method call stack

2015-07-15 13:38:45[WARN] user: tkgz
http://localhost:3001/admin/organization?model_name=organization&set=4&_pjax=%5Bdata-pjax-container%5D
N+1 Query detected
  Organization => [:addresses]
  Add to your finder: :includes => [:addresses]
N+1 Query method call stack

2015-07-15 13:38:45[WARN] user: tkgz
http://localhost:3001/admin/organization?model_name=organization&set=4&_pjax=%5Bdata-pjax-container%5D
N+1 Query detected
  Organization => [:publications]
  Add to your finder: :includes => [:publications]
N+1 Query method call stack

2015-07-15 13:39:15[WARN] user: tkgz
http://localhost:3001/admin/organization/new?_pjax=%5Bdata-pjax-container%5D
Unused Eager Loading detected
  User => [:organization]
  Remove from your finder: :includes => [:organization]

2015-07-15 13:39:22[WARN] user: tkgz
http://localhost:3001/admin/album/new?modal=true
Unused Eager Loading detected
  Media => [:album]
  Remove from your finder: :includes => [:album]

2015-07-16 12:43:38[WARN] user: tkgz
http://localhost:3001/admin/organization/6/edit
Unused Eager Loading detected
  User => [:organization]
  Remove from your finder: :includes => [:organization]

2015-07-16 12:43:46[WARN] user: tkgz
http://localhost:3001/admin/organization/6/edit?_pjax=%5Bdata-pjax-container%5D
Unused Eager Loading detected
  User => [:organization]
  Remove from your finder: :includes => [:organization]

2015-07-16 12:51:43[WARN] user: tkgz
http://localhost:3001/admin/organization/6/edit
Unused Eager Loading detected
  User => [:organization]
  Remove from your finder: :includes => [:organization]

2015-07-16 12:52:32[WARN] user: tkgz
http://localhost:3001/admin/organization/6/edit?_pjax=%5Bdata-pjax-container%5D
Unused Eager Loading detected
  User => [:organization]
  Remove from your finder: :includes => [:organization]

2015-07-16 12:53:17[WARN] user: tkgz
http://localhost:3001/admin/organization/6/edit?_pjax=%5Bdata-pjax-container%5D
Unused Eager Loading detected
  User => [:organization]
  Remove from your finder: :includes => [:organization]

2015-07-16 14:51:45[WARN] user: tkgz
http://localhost:3001/admin/organization
N+1 Query detected
  Organization => [:addresses]
  Add to your finder: :includes => [:addresses]
N+1 Query method call stack
  /data/web/twobrightlights_api/app/models/organization.rb:41:in `value'

/data/web/twobrightlights_api/app/models/organization.rb:41:in `value'2015-07-16 14:51:53[WARN] user: tkgz
http://localhost:3001/admin/organization
N+1 Query detected
  Organization => [:addresses]
  Add to your finder: :includes => [:addresses]
N+1 Query method call stack
  /data/web/twobrightlights_api/app/models/organization.rb:41:in `value'

/data/web/twobrightlights_api/app/models/organization.rb:41:in `value'2015-07-16 14:52:09[WARN] user: tkgz
http://localhost:3001/admin/organization?model_name=organization&sort=id&_pjax=%5Bdata-pjax-container%5D
N+1 Query detected
  Organization => [:addresses]
  Add to your finder: :includes => [:addresses]
N+1 Query method call stack
  /data/web/twobrightlights_api/app/models/organization.rb:41:in `value'

/data/web/twobrightlights_api/app/models/organization.rb:41:in `value'2015-07-16 14:52:10[WARN] user: tkgz
http://localhost:3001/admin/organization?model_name=organization&sort=id&sort_reverse=true&_pjax=%5Bdata-pjax-container%5D
N+1 Query detected
  Organization => [:addresses]
  Add to your finder: :includes => [:addresses]
N+1 Query method call stack
  /data/web/twobrightlights_api/app/models/organization.rb:41:in `value'

/data/web/twobrightlights_api/app/models/organization.rb:41:in `value'2015-07-16 14:52:20[WARN] user: tkgz
http://localhost:3001/admin/organization?model_name=organization&sort_reverse=true&_pjax=%5Bdata-pjax-container%5D
N+1 Query detected
  Organization => [:addresses]
  Add to your finder: :includes => [:addresses]
N+1 Query method call stack
  /data/web/twobrightlights_api/app/models/organization.rb:41:in `value'

/data/web/twobrightlights_api/app/models/organization.rb:41:in `value'2015-07-16 14:52:50[WARN] user: tkgz
http://localhost:3001/admin/organization?model_name=organization&sort_reverse=true&_pjax=%5Bdata-pjax-container%5D
N+1 Query detected
  Organization => [:addresses]
  Add to your finder: :includes => [:addresses]
N+1 Query method call stack
  /data/web/twobrightlights_api/app/models/organization.rb:41:in `value'

/data/web/twobrightlights_api/app/models/organization.rb:41:in `value'2015-07-16 14:55:08[WARN] user: tkgz
http://localhost:3001/admin/organization?model_name=organization&sort=name&_pjax=%5Bdata-pjax-container%5D
N+1 Query detected
  Organization => [:addresses]
  Add to your finder: :includes => [:addresses]
N+1 Query method call stack
  /data/web/twobrightlights_api/app/models/organization.rb:41:in `value'

/data/web/twobrightlights_api/app/models/organization.rb:41:in `value'2015-07-16 14:56:23[WARN] user: tkgz
http://localhost:3001/admin/organization?model_name=organization&sort=name
N+1 Query detected
  Organization => [:addresses]
  Add to your finder: :includes => [:addresses]
N+1 Query method call stack
  /data/web/twobrightlights_api/app/models/organization.rb:46:in `value'

/data/web/twobrightlights_api/app/models/organization.rb:46:in `value'2015-07-16 14:56:28[WARN] user: tkgz
http://localhost:3001/admin/organization?model_name=organization&sort=name&sort_reverse=true&_pjax=%5Bdata-pjax-container%5D
N+1 Query detected
  Organization => [:addresses]
  Add to your finder: :includes => [:addresses]
N+1 Query method call stack
  /data/web/twobrightlights_api/app/models/organization.rb:46:in `value'

/data/web/twobrightlights_api/app/models/organization.rb:46:in `value'2015-07-16 14:56:29[WARN] user: tkgz
http://localhost:3001/admin/organization?model_name=organization&sort=id&_pjax=%5Bdata-pjax-container%5D
N+1 Query detected
  Organization => [:addresses]
  Add to your finder: :includes => [:addresses]
N+1 Query method call stack
  /data/web/twobrightlights_api/app/models/organization.rb:46:in `value'

/data/web/twobrightlights_api/app/models/organization.rb:46:in `value'2015-07-16 14:57:56[WARN] user: tkgz
http://localhost:3001/admin/organization?model_name=organization&sort=id
N+1 Query detected
  Organization => [:addresses]
  Add to your finder: :includes => [:addresses]
N+1 Query method call stack
  /data/web/twobrightlights_api/app/models/organization.rb:46:in `value'

/data/web/twobrightlights_api/app/models/organization.rb:46:in `value'2015-07-16 14:58:00[WARN] user: tkgz
http://localhost:3001/admin/organization?model_name=organization&sort=id
N+1 Query detected
  Organization => [:addresses]
  Add to your finder: :includes => [:addresses]
N+1 Query method call stack
  /data/web/twobrightlights_api/app/models/organization.rb:46:in `value'

/data/web/twobrightlights_api/app/models/organization.rb:46:in `value'2015-07-16 14:58:13[WARN] user: tkgz
http://localhost:3001/admin/organization?model_name=organization&_pjax=%5Bdata-pjax-container%5D
N+1 Query detected
  Organization => [:addresses]
  Add to your finder: :includes => [:addresses]
N+1 Query method call stack
  /data/web/twobrightlights_api/app/models/organization.rb:46:in `value'

/data/web/twobrightlights_api/app/models/organization.rb:46:in `value'2015-07-16 14:58:22[WARN] user: tkgz
http://localhost:3001/admin/organization?_pjax=%5Bdata-pjax-container%5D
N+1 Query detected
  Organization => [:addresses]
  Add to your finder: :includes => [:addresses]
N+1 Query method call stack
  /data/web/twobrightlights_api/app/models/organization.rb:46:in `value'

/data/web/twobrightlights_api/app/models/organization.rb:46:in `value'2015-07-16 14:58:26[WARN] user: tkgz
http://localhost:3001/admin/organization
N+1 Query detected
  Organization => [:addresses]
  Add to your finder: :includes => [:addresses]
N+1 Query method call stack
  /data/web/twobrightlights_api/app/models/organization.rb:46:in `value'

/data/web/twobrightlights_api/app/models/organization.rb:46:in `value'2015-07-16 15:04:10[WARN] user: tkgz
http://localhost:3001/admin/organization
N+1 Query detected
  Organization => [:addresses]
  Add to your finder: :includes => [:addresses]
N+1 Query method call stack
  /data/web/twobrightlights_api/app/models/organization.rb:46:in `value'

/data/web/twobrightlights_api/app/models/organization.rb:46:in `value'2015-07-16 15:04:26[WARN] user: tkgz
http://localhost:3001/admin/organization
N+1 Query detected
  Organization => [:addresses]
  Add to your finder: :includes => [:addresses]
N+1 Query method call stack
  /data/web/twobrightlights_api/app/models/organization.rb:46:in `value'

/data/web/twobrightlights_api/app/models/organization.rb:46:in `value'2015-07-16 15:34:37[WARN] user: tkgz
http://localhost:3001/admin/organization
N+1 Query detected
  Organization => [:addresses]
  Add to your finder: :includes => [:addresses]
N+1 Query method call stack
  /data/web/twobrightlights_api/app/models/organization.rb:46:in `value'

/data/web/twobrightlights_api/app/models/organization.rb:46:in `value'2015-07-16 15:37:26[WARN] user: tkgz
http://localhost:3001/admin/organization
N+1 Query detected
  Organization => [:addresses]
  Add to your finder: :includes => [:addresses]
N+1 Query method call stack
  /data/web/twobrightlights_api/app/models/organization.rb:46:in `value'

/data/web/twobrightlights_api/app/models/organization.rb:46:in `value'2015-07-16 15:38:54[WARN] user: tkgz
http://localhost:3001/admin/organization
N+1 Query detected
  Organization => [:addresses]
  Add to your finder: :includes => [:addresses]
N+1 Query method call stack
  /data/web/twobrightlights_api/app/models/organization.rb:47:in `value'

/data/web/twobrightlights_api/app/models/organization.rb:47:in `value'2015-07-16 15:38:58[WARN] user: tkgz
http://localhost:3001/admin/organization
N+1 Query detected
  Organization => [:addresses]
  Add to your finder: :includes => [:addresses]
N+1 Query method call stack
  /data/web/twobrightlights_api/app/models/organization.rb:47:in `value'

/data/web/twobrightlights_api/app/models/organization.rb:47:in `value'2015-07-16 15:46:39[WARN] user: tkgz
http://localhost:3001/admin/organization
N+1 Query detected
  Organization => [:addresses]
  Add to your finder: :includes => [:addresses]
N+1 Query method call stack
  /data/web/twobrightlights_api/app/models/organization.rb:47:in `value'

/data/web/twobrightlights_api/app/models/organization.rb:47:in `value'2015-07-16 15:46:46[WARN] user: tkgz
http://localhost:3001/admin/organization
N+1 Query detected
  Organization => [:addresses]
  Add to your finder: :includes => [:addresses]
N+1 Query method call stack
  /data/web/twobrightlights_api/app/models/organization.rb:47:in `value'

/data/web/twobrightlights_api/app/models/organization.rb:47:in `value'2015-07-16 15:47:16[WARN] user: tkgz
http://localhost:3001/admin/organization
N+1 Query detected
  Organization => [:addresses]
  Add to your finder: :includes => [:addresses]
N+1 Query method call stack
  /data/web/twobrightlights_api/app/models/organization.rb:47:in `value'

/data/web/twobrightlights_api/app/models/organization.rb:47:in `value'2015-07-16 15:47:34[WARN] user: tkgz
http://localhost:3001/admin/organization
N+1 Query detected
  Organization => [:addresses]
  Add to your finder: :includes => [:addresses]
N+1 Query method call stack
  /data/web/twobrightlights_api/app/models/organization.rb:47:in `value'

/data/web/twobrightlights_api/app/models/organization.rb:47:in `value'2015-07-16 15:48:21[WARN] user: tkgz
http://localhost:3001/admin/organization?model_name=organization&_pjax=%5Bdata-pjax-container%5D
N+1 Query detected
  Organization => [:addresses]
  Add to your finder: :includes => [:addresses]
N+1 Query method call stack
  /data/web/twobrightlights_api/app/models/organization.rb:47:in `value'

/data/web/twobrightlights_api/app/models/organization.rb:47:in `value'2015-07-16 15:48:36[WARN] user: tkgz
http://localhost:3001/admin/organization?model_name=organization
N+1 Query detected
  Organization => [:addresses]
  Add to your finder: :includes => [:addresses]
N+1 Query method call stack
  /data/web/twobrightlights_api/app/models/organization.rb:47:in `value'

/data/web/twobrightlights_api/app/models/organization.rb:47:in `value'2015-07-16 15:54:05[WARN] user: tkgz
http://localhost:3001/admin/organization?model_name=organization
N+1 Query detected
  Organization => [:addresses]
  Add to your finder: :includes => [:addresses]
N+1 Query method call stack
  /data/web/twobrightlights_api/app/models/organization.rb:47:in `value'

/data/web/twobrightlights_api/app/models/organization.rb:47:in `value'2015-07-16 15:54:08[WARN] user: tkgz
http://localhost:3001/admin/organization?model_name=organization
N+1 Query detected
  Organization => [:addresses]
  Add to your finder: :includes => [:addresses]
N+1 Query method call stack
  /data/web/twobrightlights_api/app/models/organization.rb:47:in `value'

/data/web/twobrightlights_api/app/models/organization.rb:47:in `value'2015-07-16 15:57:14[WARN] user: tkgz
http://localhost:3001/admin/organization?model_name=organization
N+1 Query detected
  Organization => [:addresses]
  Add to your finder: :includes => [:addresses]
N+1 Query method call stack
  /data/web/twobrightlights_api/app/models/organization.rb:47:in `value'

/data/web/twobrightlights_api/app/models/organization.rb:47:in `value'2015-07-16 16:01:40[WARN] user: tkgz
http://localhost:3001/admin/organization?_pjax=%5Bdata-pjax-container%5D
N+1 Query detected
  Organization => [:addresses]
  Add to your finder: :includes => [:addresses]
N+1 Query method call stack
  /data/web/twobrightlights_api/app/models/organization.rb:47:in `value'

/data/web/twobrightlights_api/app/models/organization.rb:47:in `value'2015-07-16 16:01:42[WARN] user: tkgz
http://localhost:3001/admin/organization
N+1 Query detected
  Organization => [:addresses]
  Add to your finder: :includes => [:addresses]
N+1 Query method call stack
  /data/web/twobrightlights_api/app/models/organization.rb:47:in `value'

/data/web/twobrightlights_api/app/models/organization.rb:47:in `value'2015-07-16 16:01:45[WARN] user: tkgz
http://localhost:3001/admin/organization
N+1 Query detected
  Organization => [:addresses]
  Add to your finder: :includes => [:addresses]
N+1 Query method call stack
  /data/web/twobrightlights_api/app/models/organization.rb:47:in `value'

/data/web/twobrightlights_api/app/models/organization.rb:47:in `value'2015-07-16 16:02:34[WARN] user: tkgz
http://localhost:3001/admin/organization?_pjax=%5Bdata-pjax-container%5D
N+1 Query detected
  Organization => [:addresses]
  Add to your finder: :includes => [:addresses]
N+1 Query method call stack
  /data/web/twobrightlights_api/app/models/organization.rb:47:in `value'

/data/web/twobrightlights_api/app/models/organization.rb:47:in `value'2015-07-16 16:02:37[WARN] user: tkgz
http://localhost:3001/admin/organization?_pjax=%5Bdata-pjax-container%5D
N+1 Query detected
  Organization => [:addresses]
  Add to your finder: :includes => [:addresses]
N+1 Query method call stack
  /data/web/twobrightlights_api/app/models/organization.rb:47:in `value'

/data/web/twobrightlights_api/app/models/organization.rb:47:in `value'2015-07-16 16:02:40[WARN] user: tkgz
http://localhost:3001/admin/organization
N+1 Query detected
  Organization => [:addresses]
  Add to your finder: :includes => [:addresses]
N+1 Query method call stack
  /data/web/twobrightlights_api/app/models/organization.rb:47:in `value'

/data/web/twobrightlights_api/app/models/organization.rb:47:in `value'2015-07-16 16:11:37[WARN] user: tkgz
http://localhost:3001/admin/organization
N+1 Query detected
  Organization => [:addresses]
  Add to your finder: :includes => [:addresses]
N+1 Query method call stack
  /data/web/twobrightlights_api/app/models/organization.rb:46:in `value'

/data/web/twobrightlights_api/app/models/organization.rb:46:in `value'2015-07-16 16:11:40[WARN] user: tkgz
http://localhost:3001/admin/organization
N+1 Query detected
  Organization => [:addresses]
  Add to your finder: :includes => [:addresses]
N+1 Query method call stack
  /data/web/twobrightlights_api/app/models/organization.rb:46:in `value'

/data/web/twobrightlights_api/app/models/organization.rb:46:in `value'2015-07-16 16:23:16[WARN] user: tkgz
http://localhost:3001/admin/organization
N+1 Query detected
  Organization => [:addresses]
  Add to your finder: :includes => [:addresses]
N+1 Query method call stack
  /data/web/twobrightlights_api/app/models/organization.rb:46:in `value'

/data/web/twobrightlights_api/app/models/organization.rb:46:in `value'2015-07-16 16:23:21[WARN] user: tkgz
http://localhost:3001/admin/organization?_pjax=%5Bdata-pjax-container%5D
N+1 Query detected
  Organization => [:addresses]
  Add to your finder: :includes => [:addresses]
N+1 Query method call stack
  /data/web/twobrightlights_api/app/models/organization.rb:46:in `value'

/data/web/twobrightlights_api/app/models/organization.rb:46:in `value'2015-07-16 16:23:27[WARN] user: tkgz
http://localhost:3001/admin/organization?_pjax=%5Bdata-pjax-container%5D
N+1 Query detected
  Organization => [:addresses]
  Add to your finder: :includes => [:addresses]
N+1 Query method call stack
  /data/web/twobrightlights_api/app/models/organization.rb:46:in `value'

/data/web/twobrightlights_api/app/models/organization.rb:46:in `value'2015-07-16 16:23:38[WARN] user: tkgz
http://localhost:3001/admin/organization?_pjax=%5Bdata-pjax-container%5D
N+1 Query detected
  Organization => [:addresses]
  Add to your finder: :includes => [:addresses]
N+1 Query method call stack
  /data/web/twobrightlights_api/app/models/organization.rb:46:in `value'

/data/web/twobrightlights_api/app/models/organization.rb:46:in `value'2015-07-16 16:23:59[WARN] user: tkgz
http://localhost:3001/admin/organization
N+1 Query detected
  Organization => [:addresses]
  Add to your finder: :includes => [:addresses]
N+1 Query method call stack
  /data/web/twobrightlights_api/app/models/organization.rb:44:in `value'

/data/web/twobrightlights_api/app/models/organization.rb:44:in `value'2015-07-16 16:31:16[WARN] user: tkgz
http://localhost:3001/admin/organization
N+1 Query detected
  Organization => [:addresses]
  Add to your finder: :includes => [:addresses]
N+1 Query method call stack
  /data/web/twobrightlights_api/app/models/organization.rb:45:in `value'

/data/web/twobrightlights_api/app/models/organization.rb:45:in `value'2015-07-16 16:32:10[WARN] user: tkgz
http://localhost:3001/admin/organization
N+1 Query detected
  Organization => [:addresses]
  Add to your finder: :includes => [:addresses]
N+1 Query method call stack
  /data/web/twobrightlights_api/app/models/organization.rb:45:in `value'

/data/web/twobrightlights_api/app/models/organization.rb:45:in `value'2015-07-16 17:41:06[WARN] user: tkgz
http://localhost:3001/admin/
Unused Eager Loading detected
  Organization => [:addresses]
  Remove from your finder: :includes => [:addresses]

2015-07-16 17:41:10[WARN] user: tkgz
http://localhost:3001/admin/
Unused Eager Loading detected
  Organization => [:addresses]
  Remove from your finder: :includes => [:addresses]

2015-07-16 17:41:16[WARN] user: tkgz
http://localhost:3001/admin/
Unused Eager Loading detected
  Organization => [:addresses]
  Remove from your finder: :includes => [:addresses]

2015-07-16 17:41:21[WARN] user: tkgz
http://localhost:3001/admin/?_pjax=%5Bdata-pjax-container%5D
Unused Eager Loading detected
  Organization => [:addresses]
  Remove from your finder: :includes => [:addresses]

2015-07-16 17:41:22[WARN] user: tkgz
http://localhost:3001/admin/?_pjax=%5Bdata-pjax-container%5D
Unused Eager Loading detected
  Organization => [:addresses]
  Remove from your finder: :includes => [:addresses]

2015-07-16 17:41:24[WARN] user: tkgz
http://localhost:3001/admin/
Unused Eager Loading detected
  Organization => [:addresses]
  Remove from your finder: :includes => [:addresses]

2015-07-16 17:41:58[WARN] user: tkgz
http://localhost:3001/admin/
Unused Eager Loading detected
  Organization => [:addresses]
  Remove from your finder: :includes => [:addresses]

2015-07-16 18:19:02[WARN] user: tkgz
http://localhost:3001/admin/organization
N+1 Query detected
  Organization => [:addresses]
  Add to your finder: :includes => [:addresses]
N+1 Query method call stack
  /data/web/twobrightlights_api/app/models/organization.rb:44:in `block (4 levels) in <class:Organization>'

/data/web/twobrightlights_api/app/models/organization.rb:44:in `block (4 levels) in <class:Organization>'2015-07-16 18:19:08[WARN] user: tkgz
http://localhost:3001/admin/organization
N+1 Query detected
  Organization => [:addresses]
  Add to your finder: :includes => [:addresses]
N+1 Query method call stack
  /data/web/twobrightlights_api/app/models/organization.rb:44:in `block (4 levels) in <class:Organization>'

/data/web/twobrightlights_api/app/models/organization.rb:44:in `block (4 levels) in <class:Organization>'2015-07-16 18:19:49[WARN] user: tkgz
http://localhost:3001/admin/organization
N+1 Query detected
  Organization => [:addresses]
  Add to your finder: :includes => [:addresses]
N+1 Query method call stack
  /data/web/twobrightlights_api/app/models/organization.rb:45:in `block (4 levels) in <class:Organization>'

/data/web/twobrightlights_api/app/models/organization.rb:45:in `block (4 levels) in <class:Organization>'2015-07-16 18:27:12[WARN] user: tkgz
http://localhost:3001/admin/organization
N+1 Query detected
  Organization => [:addresses]
  Add to your finder: :includes => [:addresses]
N+1 Query method call stack
  /data/web/twobrightlights_api/app/models/organization.rb:52:in `block (4 levels) in <class:Organization>'

/data/web/twobrightlights_api/app/models/organization.rb:52:in `block (4 levels) in <class:Organization>'2015-07-16 18:37:14[WARN] user: tkgz
http://localhost:3001/admin/organization
N+1 Query detected
  Organization => [:addresses]
  Add to your finder: :includes => [:addresses]
N+1 Query method call stack
  /data/web/twobrightlights_api/app/models/organization.rb:51:in `block (4 levels) in <class:Organization>'

/data/web/twobrightlights_api/app/models/organization.rb:51:in `block (4 levels) in <class:Organization>'2015-07-16 18:40:16[WARN] user: tkgz
http://localhost:3001/admin/organization
N+1 Query detected
  Organization => [:addresses]
  Add to your finder: :includes => [:addresses]
N+1 Query method call stack
  /data/web/twobrightlights_api/config/initializers/rails_admin.rb:40:in `block (5 levels) in <top (required)>'

/data/web/twobrightlights_api/config/initializers/rails_admin.rb:40:in `block (5 levels) in <top (required)>'2015-07-16 18:40:19[WARN] user: tkgz
http://localhost:3001/admin/organization
N+1 Query detected
  Organization => [:addresses]
  Add to your finder: :includes => [:addresses]
N+1 Query method call stack
  /data/web/twobrightlights_api/config/initializers/rails_admin.rb:40:in `block (5 levels) in <top (required)>'

/data/web/twobrightlights_api/config/initializers/rails_admin.rb:40:in `block (5 levels) in <top (required)>'2015-07-16 18:40:26[WARN] user: tkgz
http://localhost:3001/admin/organization
N+1 Query detected
  Organization => [:addresses]
  Add to your finder: :includes => [:addresses]
N+1 Query method call stack
  /data/web/twobrightlights_api/config/initializers/rails_admin.rb:40:in `block (5 levels) in <top (required)>'

/data/web/twobrightlights_api/config/initializers/rails_admin.rb:40:in `block (5 levels) in <top (required)>'2015-07-16 18:47:56[WARN] user: tkgz
http://localhost:3001/admin/organization
N+1 Query detected
  Organization => [:addresses]
  Add to your finder: :includes => [:addresses]
N+1 Query method call stack
  /data/web/twobrightlights_api/app/models/organization.rb:51:in `block (4 levels) in <class:Organization>'

/data/web/twobrightlights_api/app/models/organization.rb:51:in `block (4 levels) in <class:Organization>'2015-07-16 18:49:38[WARN] user: tkgz
http://localhost:3001/admin/organization
N+1 Query detected
  Organization => [:addresses]
  Add to your finder: :includes => [:addresses]
N+1 Query method call stack
  /data/web/twobrightlights_api/app/models/organization.rb:51:in `block (4 levels) in <class:Organization>'

/data/web/twobrightlights_api/app/models/organization.rb:51:in `block (4 levels) in <class:Organization>'2015-07-16 19:02:23[WARN] user: tkgz
http://localhost:3001/admin/organization/6/edit?_pjax=%5Bdata-pjax-container%5D
Unused Eager Loading detected
  User => [:organization]
  Remove from your finder: :includes => [:organization]

2015-07-16 19:02:55[WARN] user: tkgz
http://localhost:3001/admin/organization/new?_pjax=%5Bdata-pjax-container%5D
Unused Eager Loading detected
  User => [:organization]
  Remove from your finder: :includes => [:organization]

2015-07-16 19:03:00[WARN] user: tkgz
http://localhost:3001/admin/organization/new?_pjax=%5Bdata-pjax-container%5D
Unused Eager Loading detected
  User => [:organization]
  Remove from your finder: :includes => [:organization]

2015-07-16 19:03:00[WARN] user: tkgz
http://localhost:3001/admin/organization/new?_pjax=%5Bdata-pjax-container%5D
Unused Eager Loading detected
  User => [:organization]
  Remove from your finder: :includes => [:organization]

2015-07-16 19:03:08[WARN] user: tkgz
http://localhost:3001/admin/organization/new?_pjax=%5Bdata-pjax-container%5D
Unused Eager Loading detected
  User => [:organization]
  Remove from your finder: :includes => [:organization]

2015-07-16 19:03:14[WARN] user: tkgz
http://localhost:3001/admin/organization/new?_pjax=%5Bdata-pjax-container%5D
Unused Eager Loading detected
  User => [:organization]
  Remove from your finder: :includes => [:organization]

2015-07-16 19:03:30[WARN] user: tkgz
http://localhost:3001/admin/organization?model_name=organization&set=1&_pjax=%5Bdata-pjax-container%5D
Unused Eager Loading detected
  Organization => [:addresses]
  Remove from your finder: :includes => [:addresses]

2015-07-16 19:07:01[WARN] user: tkgz
http://localhost:3001/admin/organization?model_name=organization&set=1&_pjax=%5Bdata-pjax-container%5D
Unused Eager Loading detected
  Organization => [:addresses]
  Remove from your finder: :includes => [:addresses]

2015-07-16 19:11:13[WARN] user: tkgz
http://localhost:3001/admin/organization/5/edit?_pjax=%5Bdata-pjax-container%5D
Unused Eager Loading detected
  User => [:organization]
  Remove from your finder: :includes => [:organization]

2015-07-16 19:14:48[WARN] user: tkgz
http://localhost:3001/admin/organization/new?_pjax=%5Bdata-pjax-container%5D
Unused Eager Loading detected
  User => [:organization]
  Remove from your finder: :includes => [:organization]

2015-07-16 19:14:53[WARN] user: tkgz
http://localhost:3001/admin/organization/6/edit?_pjax=%5Bdata-pjax-container%5D
Unused Eager Loading detected
  User => [:organization]
  Remove from your finder: :includes => [:organization]

2015-07-16 19:15:10[WARN] user: tkgz
http://localhost:3001/admin/organization/new?_pjax=%5Bdata-pjax-container%5D
Unused Eager Loading detected
  User => [:organization]
  Remove from your finder: :includes => [:organization]

2015-07-17 12:27:22[WARN] user: tkgz
Unused Eager Loading detected
  Organization => [:addresses]
  Remove from your finder: :includes => [:addresses]

2015-07-17 12:29:03[WARN] user: tkgz
Unused Eager Loading detected
  Organization => [:addresses]
  Remove from your finder: :includes => [:addresses]

2015-07-17 12:31:48[WARN] user: tkgz
Unused Eager Loading detected
  Organization => [:addresses]
  Remove from your finder: :includes => [:addresses]

2015-07-17 16:03:50[WARN] user: tkgz
Unused Eager Loading detected
  User => [:organization]
  Remove from your finder: :includes => [:organization]

2015-07-17 16:13:11[WARN] user: tkgz
http://localhost:3001/admin/organization/new?_pjax=%5Bdata-pjax-container%5D
Unused Eager Loading detected
  User => [:organization]
  Remove from your finder: :includes => [:organization]

2015-07-17 16:13:19[WARN] user: tkgz
http://localhost:3001/admin/organization/6/edit?_pjax=%5Bdata-pjax-container%5D
Unused Eager Loading detected
  User => [:organization]
  Remove from your finder: :includes => [:organization]

2015-07-17 16:13:32[WARN] user: tkgz
http://localhost:3001/admin/organization/new?_pjax=%5Bdata-pjax-container%5D
Unused Eager Loading detected
  User => [:organization]
  Remove from your finder: :includes => [:organization]

2015-07-17 16:13:33[WARN] user: tkgz
http://localhost:3001/admin/organization/new
Unused Eager Loading detected
  User => [:organization]
  Remove from your finder: :includes => [:organization]

2015-07-17 16:17:32[WARN] user: tkgz
http://localhost:3001/admin/organization/new
Unused Eager Loading detected
  User => [:organization]
  Remove from your finder: :includes => [:organization]

2015-07-17 16:27:15[WARN] user: tkgz
http://localhost:3001/admin/organization/new?_pjax=%5Bdata-pjax-container%5D
Unused Eager Loading detected
  User => [:organization]
  Remove from your finder: :includes => [:organization]

2015-07-17 16:27:16[WARN] user: tkgz
http://localhost:3001/admin/organization/new
Unused Eager Loading detected
  User => [:organization]
  Remove from your finder: :includes => [:organization]

2015-07-17 16:27:47[WARN] user: tkgz
http://localhost:3001/admin/organization/6/edit?_pjax=%5Bdata-pjax-container%5D
Unused Eager Loading detected
  User => [:organization]
  Remove from your finder: :includes => [:organization]

2015-07-17 16:27:48[WARN] user: tkgz
http://localhost:3001/admin/organization/6/edit
Unused Eager Loading detected
  User => [:organization]
  Remove from your finder: :includes => [:organization]

2015-07-17 16:45:53[WARN] user: tkgz
http://localhost:3001/admin/organization
N+1 Query detected
  Organization => [:addresses]
  Add to your finder: :includes => [:addresses]
N+1 Query method call stack
  /data/web/twobrightlights_api/app/models/organization.rb:58:in `block (4 levels) in <class:Organization>'

/data/web/twobrightlights_api/app/models/organization.rb:58:in `block (4 levels) in <class:Organization>'2015-07-17 18:16:43[WARN] user: tkgz
http://localhost:3001/admin/organization/new?_pjax=%5Bdata-pjax-container%5D
Unused Eager Loading detected
  User => [:organization]
  Remove from your finder: :includes => [:organization]

2015-07-17 18:16:43[WARN] user: tkgz
http://localhost:3001/admin/organization/new
Unused Eager Loading detected
  User => [:organization]
  Remove from your finder: :includes => [:organization]

2015-07-17 18:16:53[WARN] user: tkgz
http://localhost:3001/admin/organization/6/edit?_pjax=%5Bdata-pjax-container%5D
Unused Eager Loading detected
  User => [:organization]
  Remove from your finder: :includes => [:organization]

2015-07-17 18:17:52[WARN] user: tkgz
http://localhost:3001/admin/organization/6/edit?_pjax=%5Bdata-pjax-container%5D
Unused Eager Loading detected
  User => [:organization]
  Remove from your finder: :includes => [:organization]

2015-07-17 18:17:56[WARN] user: tkgz
http://localhost:3001/admin/organization/6/edit?_pjax=%5Bdata-pjax-container%5D
Unused Eager Loading detected
  User => [:organization]
  Remove from your finder: :includes => [:organization]

2015-07-17 18:17:59[WARN] user: tkgz
http://localhost:3001/admin/organization/new?_pjax=%5Bdata-pjax-container%5D
Unused Eager Loading detected
  User => [:organization]
  Remove from your finder: :includes => [:organization]

2015-07-17 18:18:42[WARN] user: tkgz
http://localhost:3001/admin/organization/new?_pjax=%5Bdata-pjax-container%5D
Unused Eager Loading detected
  User => [:organization]
  Remove from your finder: :includes => [:organization]

2015-07-17 18:18:43[WARN] user: tkgz
http://localhost:3001/admin/organization/new?_pjax=%5Bdata-pjax-container%5D
Unused Eager Loading detected
  User => [:organization]
  Remove from your finder: :includes => [:organization]

2015-07-17 18:18:45[WARN] user: tkgz
http://localhost:3001/admin/organization/new?_pjax=%5Bdata-pjax-container%5D
Unused Eager Loading detected
  User => [:organization]
  Remove from your finder: :includes => [:organization]

2015-07-17 18:18:52[WARN] user: tkgz
http://localhost:3001/admin/organization/new?_pjax=%5Bdata-pjax-container%5D
Unused Eager Loading detected
  User => [:organization]
  Remove from your finder: :includes => [:organization]

2015-07-17 18:19:02[WARN] user: tkgz
http://localhost:3001/admin/organization/new
Unused Eager Loading detected
  User => [:organization]
  Remove from your finder: :includes => [:organization]

2015-07-17 18:19:21[WARN] user: tkgz
http://localhost:3001/admin/organization/new
Unused Eager Loading detected
  User => [:organization]
  Remove from your finder: :includes => [:organization]

2015-07-17 18:20:16[WARN] user: tkgz
http://localhost:3001/admin/organization/new
Unused Eager Loading detected
  User => [:organization]
  Remove from your finder: :includes => [:organization]

2015-07-17 18:24:49[WARN] user: tkgz
http://localhost:3001/admin/organization/new
Unused Eager Loading detected
  User => [:organization]
  Remove from your finder: :includes => [:organization]

2015-07-17 18:26:25[WARN] user: tkgz
http://localhost:3001/admin/organization/new
Unused Eager Loading detected
  User => [:organization]
  Remove from your finder: :includes => [:organization]

2015-07-17 18:33:33[WARN] user: tkgz
http://localhost:3001/admin/organization/new
Unused Eager Loading detected
  User => [:organization]
  Remove from your finder: :includes => [:organization]

2015-07-17 18:33:36[WARN] user: tkgz
http://localhost:3001/admin/organization/new
Unused Eager Loading detected
  User => [:organization]
  Remove from your finder: :includes => [:organization]

2015-07-17 18:33:44[WARN] user: tkgz
http://localhost:3001/admin/organization/new
Unused Eager Loading detected
  User => [:organization]
  Remove from your finder: :includes => [:organization]

2015-07-17 18:33:45[WARN] user: tkgz
http://localhost:3001/admin/organization/new
Unused Eager Loading detected
  User => [:organization]
  Remove from your finder: :includes => [:organization]

2015-07-17 18:33:47[WARN] user: tkgz
http://localhost:3001/admin/organization/new
Unused Eager Loading detected
  User => [:organization]
  Remove from your finder: :includes => [:organization]

2015-07-17 18:33:56[WARN] user: tkgz
http://localhost:3001/admin/organization/new
Unused Eager Loading detected
  User => [:organization]
  Remove from your finder: :includes => [:organization]

2015-07-17 18:34:07[WARN] user: tkgz
http://localhost:3001/admin/organization/new
Unused Eager Loading detected
  User => [:organization]
  Remove from your finder: :includes => [:organization]

2015-07-17 18:34:33[WARN] user: tkgz
http://localhost:3001/admin/organization/6/edit?_pjax=%5Bdata-pjax-container%5D
Unused Eager Loading detected
  User => [:organization]
  Remove from your finder: :includes => [:organization]

2015-07-17 18:34:39[WARN] user: tkgz
http://localhost:3001/admin/organization/6/edit
Unused Eager Loading detected
  User => [:organization]
  Remove from your finder: :includes => [:organization]

2015-07-17 18:35:45[WARN] user: tkgz
http://localhost:3001/admin/organization/6/edit
Unused Eager Loading detected
  User => [:organization]
  Remove from your finder: :includes => [:organization]

2015-07-17 18:35:47[WARN] user: tkgz
http://localhost:3001/admin/organization/6/edit
Unused Eager Loading detected
  User => [:organization]
  Remove from your finder: :includes => [:organization]

2015-07-17 18:36:01[WARN] user: tkgz
http://localhost:3001/admin/organization/6/edit
Unused Eager Loading detected
  User => [:organization]
  Remove from your finder: :includes => [:organization]

2015-07-17 18:36:04[WARN] user: tkgz
http://localhost:3001/admin/organization/6/edit
Unused Eager Loading detected
  User => [:organization]
  Remove from your finder: :includes => [:organization]

2015-07-17 18:36:07[WARN] user: tkgz
http://localhost:3001/admin/organization/6/edit?_pjax=%5Bdata-pjax-container%5D
Unused Eager Loading detected
  User => [:organization]
  Remove from your finder: :includes => [:organization]

2015-07-17 18:36:11[WARN] user: tkgz
http://localhost:3001/admin/organization/6/edit?_pjax=%5Bdata-pjax-container%5D
Unused Eager Loading detected
  User => [:organization]
  Remove from your finder: :includes => [:organization]

2015-07-17 18:37:01[WARN] user: tkgz
http://localhost:3001/admin/organization/new?_pjax=%5Bdata-pjax-container%5D
Unused Eager Loading detected
  User => [:organization]
  Remove from your finder: :includes => [:organization]

2015-07-17 18:37:25[WARN] user: tkgz
http://localhost:3001/admin/organization/new?_pjax=%5Bdata-pjax-container%5D
Unused Eager Loading detected
  User => [:organization]
  Remove from your finder: :includes => [:organization]

2015-07-17 18:37:31[WARN] user: tkgz
http://localhost:3001/admin/organization/new
Unused Eager Loading detected
  User => [:organization]
  Remove from your finder: :includes => [:organization]

2015-07-17 18:37:33[WARN] user: tkgz
http://localhost:3001/admin/organization/new
Unused Eager Loading detected
  User => [:organization]
  Remove from your finder: :includes => [:organization]

2015-07-17 18:42:12[WARN] user: tkgz
http://localhost:3001/admin/organization/new
Unused Eager Loading detected
  User => [:organization]
  Remove from your finder: :includes => [:organization]

2015-07-17 18:42:14[WARN] user: tkgz
http://localhost:3001/admin/organization/new
Unused Eager Loading detected
  User => [:organization]
  Remove from your finder: :includes => [:organization]

2015-07-17 18:42:26[WARN] user: tkgz
http://localhost:3001/admin/organization/new
Unused Eager Loading detected
  User => [:organization]
  Remove from your finder: :includes => [:organization]

2015-07-17 18:42:36[WARN] user: tkgz
http://localhost:3001/admin/organization/new
Unused Eager Loading detected
  User => [:organization]
  Remove from your finder: :includes => [:organization]

2015-07-17 18:42:55[WARN] user: tkgz
http://localhost:3001/admin/organization/new
Unused Eager Loading detected
  User => [:organization]
  Remove from your finder: :includes => [:organization]

2015-07-17 18:42:58[WARN] user: tkgz
http://localhost:3001/admin/organization/new
Unused Eager Loading detected
  User => [:organization]
  Remove from your finder: :includes => [:organization]

2015-07-20 14:16:27[WARN] user: tkgz
http://localhost:3001/admin/organization/6/edit?_pjax=%5Bdata-pjax-container%5D
Unused Eager Loading detected
  User => [:organization]
  Remove from your finder: :includes => [:organization]

2015-07-20 14:21:59[WARN] user: tkgz
http://localhost:3001/admin/album/new?modal=true
Unused Eager Loading detected
  Media => [:album]
  Remove from your finder: :includes => [:album]

2015-07-20 14:22:43[WARN] user: tkgz
http://localhost:3001/admin/organization/6/edit?_pjax=%5Bdata-pjax-container%5D
Unused Eager Loading detected
  User => [:organization]
  Remove from your finder: :includes => [:organization]

2015-07-20 15:43:54[WARN] user: tkgz
http://localhost:3001/admin/organization/new?_pjax=%5Bdata-pjax-container%5D
Unused Eager Loading detected
  User => [:organization]
  Remove from your finder: :includes => [:organization]

2015-07-20 15:44:25[WARN] user: tkgz
http://localhost:3001/admin/organization/new?_pjax=%5Bdata-pjax-container%5D
Unused Eager Loading detected
  User => [:organization]
  Remove from your finder: :includes => [:organization]

2015-07-20 15:44:26[WARN] user: tkgz
http://localhost:3001/admin/organization/new?_pjax=%5Bdata-pjax-container%5D
Unused Eager Loading detected
  User => [:organization]
  Remove from your finder: :includes => [:organization]

2015-07-20 15:44:29[WARN] user: tkgz
http://localhost:3001/admin/organization/new?_pjax=%5Bdata-pjax-container%5D
Unused Eager Loading detected
  User => [:organization]
  Remove from your finder: :includes => [:organization]

2015-07-20 15:49:02[WARN] user: tkgz
http://localhost:3001/admin/organization/new?_pjax=%5Bdata-pjax-container%5D
Unused Eager Loading detected
  User => [:organization]
  Remove from your finder: :includes => [:organization]

2015-07-20 15:49:03[WARN] user: tkgz
http://localhost:3001/admin/organization/new
Unused Eager Loading detected
  User => [:organization]
  Remove from your finder: :includes => [:organization]

2015-07-20 15:49:12[WARN] user: tkgz
http://localhost:3001/admin/organization/new?_pjax=%5Bdata-pjax-container%5D
Unused Eager Loading detected
  User => [:organization]
  Remove from your finder: :includes => [:organization]

2015-07-20 15:49:30[WARN] user: tkgz
http://localhost:3001/admin/organization/new
Unused Eager Loading detected
  User => [:organization]
  Remove from your finder: :includes => [:organization]

2015-07-20 15:50:29[WARN] user: tkgz
http://localhost:3001/admin/organization/new?_pjax=%5Bdata-pjax-container%5D
Unused Eager Loading detected
  User => [:organization]
  Remove from your finder: :includes => [:organization]

2015-07-20 16:04:06[WARN] user: tkgz
http://localhost:3001/admin/organization?compact=true&all=true
Unused Eager Loading detected
  Organization => [:addresses]
  Remove from your finder: :includes => [:addresses]

2015-07-20 16:04:11[WARN] user: tkgz
http://localhost:3001/admin/organization?compact=true&all=true
Unused Eager Loading detected
  Organization => [:addresses]
  Remove from your finder: :includes => [:addresses]

2015-07-20 16:06:27[WARN] user: tkgz
http://localhost:3001/admin/organization/new
Unused Eager Loading detected
  User => [:organization]
  Remove from your finder: :includes => [:organization]

2015-07-20 16:06:34[WARN] user: tkgz
http://localhost:3001/admin/organization/new?_pjax=%5Bdata-pjax-container%5D
Unused Eager Loading detected
  User => [:organization]
  Remove from your finder: :includes => [:organization]

2015-07-20 16:17:59[WARN] user: tkgz
http://localhost:3001/admin/organization/new
Unused Eager Loading detected
  User => [:organization]
  Remove from your finder: :includes => [:organization]

2015-07-20 16:18:44[WARN] user: tkgz
http://localhost:3001/admin/organization/new?_pjax=%5Bdata-pjax-container%5D
Unused Eager Loading detected
  User => [:organization]
  Remove from your finder: :includes => [:organization]

2015-07-20 16:19:10[WARN] user: tkgz
http://localhost:3001/admin/organization/new
Unused Eager Loading detected
  User => [:organization]
  Remove from your finder: :includes => [:organization]

2015-07-20 16:22:05[WARN] user: tkgz
http://localhost:3001/admin/organization/new
Unused Eager Loading detected
  User => [:organization]
  Remove from your finder: :includes => [:organization]

2015-07-20 16:22:08[WARN] user: tkgz
http://localhost:3001/admin/organization/new
Unused Eager Loading detected
  User => [:organization]
  Remove from your finder: :includes => [:organization]

2015-07-20 16:22:11[WARN] user: tkgz
http://localhost:3001/admin/organization/new
Unused Eager Loading detected
  User => [:organization]
  Remove from your finder: :includes => [:organization]

2015-07-20 16:24:00[WARN] user: tkgz
http://localhost:3001/admin/organization/new?_pjax=%5Bdata-pjax-container%5D
Unused Eager Loading detected
  User => [:organization]
  Remove from your finder: :includes => [:organization]

2015-07-20 16:24:02[WARN] user: tkgz
http://localhost:3001/admin/organization/new
Unused Eager Loading detected
  User => [:organization]
  Remove from your finder: :includes => [:organization]

2015-07-20 16:27:49[WARN] user: tkgz
http://localhost:3001/admin/organization/6/edit?_pjax=%5Bdata-pjax-container%5D
Unused Eager Loading detected
  User => [:organization]
  Remove from your finder: :includes => [:organization]

2015-07-20 17:38:35[WARN] user: tkgz
http://localhost:3001/admin/organization?_pjax=%5Bdata-pjax-container%5D
Unused Eager Loading detected
  Organization => [:addresses]
  Remove from your finder: :includes => [:addresses]

2015-07-20 17:41:30[WARN] user: tkgz
http://localhost:3001/admin/organization?_pjax=%5Bdata-pjax-container%5D
Unused Eager Loading detected
  Organization => [:addresses]
  Remove from your finder: :includes => [:addresses]

2015-07-20 17:41:47[WARN] user: tkgz
http://localhost:3001/admin/organization?model_name=organization&set=2&_pjax=%5Bdata-pjax-container%5D
Unused Eager Loading detected
  Organization => [:addresses]
  Remove from your finder: :includes => [:addresses]

2015-07-20 17:41:53[WARN] user: tkgz
http://localhost:3001/admin/organization?_pjax=%5Bdata-pjax-container%5D
Unused Eager Loading detected
  Organization => [:addresses]
  Remove from your finder: :includes => [:addresses]

2015-07-20 17:54:16[WARN] user: tkgz
http://localhost:3001/admin/organization/5/edit
Unused Eager Loading detected
  User => [:organization]
  Remove from your finder: :includes => [:organization]

2015-07-20 17:54:18[WARN] user: tkgz
http://localhost:3001/admin/organization/5/edit
Unused Eager Loading detected
  User => [:organization]
  Remove from your finder: :includes => [:organization]

2015-07-20 17:54:23[WARN] user: tkgz
http://localhost:3001/admin/organization/5/edit
Unused Eager Loading detected
  User => [:organization]
  Remove from your finder: :includes => [:organization]

2015-07-20 18:51:36[WARN] user: tkgz
http://localhost:3001/admin/user?_pjax=%5Bdata-pjax-container%5D
Unused Eager Loading detected
  User => [:organization]
  Remove from your finder: :includes => [:organization]

2015-07-20 18:51:37[WARN] user: tkgz
http://localhost:3001/admin/user/new?_pjax=%5Bdata-pjax-container%5D
Unused Eager Loading detected
  UserAuthorization => [:user]
  Remove from your finder: :includes => [:user]

2015-07-20 18:51:51[WARN] user: tkgz
http://localhost:3001/admin/user/new?_pjax=%5Bdata-pjax-container%5D
Unused Eager Loading detected
  UserAuthorization => [:user]
  Remove from your finder: :includes => [:user]

2015-07-20 18:52:48[WARN] user: tkgz
http://localhost:3001/admin/user/new
Unused Eager Loading detected
  UserAuthorization => [:user]
  Remove from your finder: :includes => [:user]

2015-07-20 18:53:46[WARN] user: tkgz
http://localhost:3001/admin/user/new
Unused Eager Loading detected
  UserAuthorization => [:user]
  Remove from your finder: :includes => [:user]

2015-07-20 18:54:03[WARN] user: tkgz
http://localhost:3001/admin/user/new?_pjax=%5Bdata-pjax-container%5D
Unused Eager Loading detected
  UserAuthorization => [:user]
  Remove from your finder: :includes => [:user]

2015-07-20 19:13:04[WARN] user: tkgz
http://localhost:3001/admin/user?_pjax=%5Bdata-pjax-container%5D
Unused Eager Loading detected
  User => [:organization]
  Remove from your finder: :includes => [:organization]

2015-07-20 19:13:13[WARN] user: tkgz
http://localhost:3001/admin/user
Unused Eager Loading detected
  User => [:organization]
  Remove from your finder: :includes => [:organization]

